{"timestamp":"2025-10-07T17:54:59.847286799+09:00","command":"reserve","user_id":"659817405228384276","username":"._.dice._.","channel_id":"1424679038441488444","success":true,"parameters":{"date":"2025-01-02","start_time":"12:00"}}
{"timestamp":"2025-10-07T17:55:10.351068392+09:00","command":"reserve","user_id":"659817405228384276","username":"._.dice._.","channel_id":"1424679038441488444","success":true,"parameters":{"date":"2025/01/02","start_time":"12:00"}}
{"timestamp":"2025-10-07T17:56:30.950163289+09:00","command":"complete","user_id":"659817405228384276","username":"._.dice._.","channel_id":"1424679038441488444","success":true,"parameters":{"reservation_id":"ac4bb9133ad2af2f7c3beff6b919187d"}}
{"timestamp":"2025-10-07T17:57:00.410124939+09:00","command":"reserve","user_id":"659817405228384276","username":"._.dice._.","channel_id":"1424679038441488444","success":true,"parameters":{"date":"2025/01/02","start_time":"12:00"}}
{"timestamp":"2025-10-07T17:57:30.331911061+09:00","command":"reserve","user_id":"659817405228384276","username":"._.dice._.","channel_id":"1424679038441488444","success":true,"parameters":{"date":"2025/01/01","start_time":"12:00"}}
{"timestamp":"2025-10-07T17:57:45.426331917+09:00","command":"cancel","user_id":"659817405228384276","username":"._.dice._.","channel_id":"1424679038441488444","success":true,"parameters":{"reservation_id":"a21b8711d32add9bdfafbea0d37fd04d"}}
{"timestamp":"2025-10-07T17:57:58.018169028+09:00","command":"reserve","user_id":"659817405228384276","username":"._.dice._.","channel_id":"1424679038441488444","success":true,"parameters":{"date":"2025/01/01","start_time":"12:00"}}
{"timestamp":"2025-10-07T17:58:37.072122082+09:00","command":"list","user_id":"659817405228384276","username":"._.dice._.","channel_id":"1424679038441488444","success":true}
{"timestamp":"2025-10-07T18:01:14.149369056+09:00","command":"list","user_id":"659817405228384276","username":"._.dice._.","channel_id":"1424679038441488444","success":true}
{"timestamp":"2025-10-07T18:02:24.411462501+09:00","command":"list","user_id":"659817405228384276","username":"._.dice._.","channel_id":"1424679038441488444","success":true}
{"timestamp":"2025-10-07T18:03:40.614635846+09:00","command":"list","user_id":"659817405228384276","username":"._.dice._.","channel_id":"1424679038441488444","success":true}
{"timestamp":"2025-10-07T18:04:30.905011856+09:00","command":"reserve","user_id":"659817405228384276","username":"._.dice._.","channel_id":"1424679038441488444","success":true,"parameters":{"date":"2025/11/12","start_time":"12:00"}}
{"timestamp":"2025-10-07T18:04:54.402994525+09:00","command":"reserve","user_id":"659817405228384276","username":"._.dice._.","channel_id":"1424679038441488444","success":true,"parameters":{"date":"2025/11/13","start_time":"13:00"}}
{"timestamp":"2025-10-07T18:05:06.594534823+09:00","command":"reserve","user_id":"659817405228384276","username":"._.dice._.","channel_id":"1424679038441488444","success":true,"parameters":{"date":"2025/11/12","start_time":"15:00"}}
{"timestamp":"2025-10-07T18:05:18.543960931+09:00","command":"reserve","user_id":"659817405228384276","username":"._.dice._.","channel_id":"1424679038441488444","success":true,"parameters":{"date":"2025/10/11","start_time":"15:00"}}
{"timestamp":"2025-10-07T18:05:22.560954866+09:00","command":"list","user_id":"659817405228384276","username":"._.dice._.","channel_id":"1424679038441488444","success":true}
{"timestamp":"2025-10-07T18:05:57.043970227+09:00","command":"reserve","user_id":"659817405228384276","username":"._.dice._.","channel_id":"1424679038441488444","success":true,"parameters":{"date":"2002/10/10","start_time":"14:00"}}
{"timestamp":"2025-10-07T18:06:02.952966011+09:00","command":"list","user_id":"659817405228384276","username":"._.dice._.","channel_id":"1424679038441488444","success":true}
{"timestamp":"2025-10-07T18:06:17.171258876+09:00","command":"reserve","user_id":"659817405228384276","username":"._.dice._.","channel_id":"1424679038441488444","success":true,"parameters":{"date":"2044/12/11","start_time":"12:00"}}
{"timestamp":"2025-10-07T18:06:20.765871223+09:00","command":"list","user_id":"659817405228384276","username":"._.dice._.","channel_id":"1424679038441488444","success":true}
{"timestamp":"2025-10-07T18:06:35.755131601+09:00","command":"complete","user_id":"659817405228384276","username":"._.dice._.","channel_id":"1424679038441488444","success":true,"parameters":{"reservation_id":"d913184e80766bd15f1303ec7806c15e"}}
{"timestamp":"2025-10-07T18:06:39.145833712+09:00","command":"list","user_id":"659817405228384276","username":"._.dice._.","channel_id":"1424679038441488444","success":true}
{"timestamp":"2025-10-07T18:08:24.905430206+09:00","command":"list","user_id":"659817405228384276","username":"._.dice._.","channel_id":"1424679038441488444","success":true}
{"timestamp":"2025-10-07T18:08:31.367285161+09:00","command":"my-reservations","user_id":"659817405228384276","username":"._.dice._.","channel_id":"1424679038441488444","success":true}
{"timestamp":"2025-10-07T18:08:50.042251013+09:00","command":"reserve","user_id":"659817405228384276","username":"._.dice._.","channel_id":"1424679038441488444","success":true,"parameters":{"date":"2025-12-22","start_time":"12:00"}}
{"timestamp":"2025-10-07T18:10:33.807801067+09:00","command":"reserve","user_id":"659817405228384276","username":"._.dice._.","channel_id":"1424679038441488444","success":true,"parameters":{"date":"2025/13/01","start_time":"12:00"}}
{"timestamp":"2025-10-07T18:10:33.809099329+09:00","command":"reserve","user_id":"659817405228384276","username":"._.dice._.","channel_id":"1424679038441488444","success":false,"error":"日付の形式が正しくありません（YYYY-MM-DD または YYYY/MM/DD）","parameters":{"date":"2025/13/01","end_time":"13:00","start_time":"12:00"}}
{"timestamp":"2025-10-07T18:11:01.098436549+09:00","command":"reserve","user_id":"659817405228384276","username":"._.dice._.","channel_id":"1424679038441488444","success":true,"parameters":{"comment":"test","date":"2025/12/01","end_time":"17:00","start_time":"12:00"}}
{"timestamp":"2025-10-07T18:11:07.887579624+09:00","command":"list","user_id":"659817405228384276","username":"._.dice._.","channel_id":"1424679038441488444","success":true}
{"timestamp":"2025-10-07T18:11:14.920043447+09:00","command":"my-reservations","user_id":"659817405228384276","username":"._.dice._.","channel_id":"1424679038441488444","success":true}
{"timestamp":"2025-10-07T18:14:16.45704294+09:00","command":"list","user_id":"659817405228384276","username":"._.dice._.","channel_id":"1424679038441488444","success":true}
{"timestamp":"2025-10-07T18:17:53.924559758+09:00","command":"list","user_id":"659817405228384276","username":"._.dice._.","channel_id":"1424679038441488444","success":true}
{"timestamp":"2025-10-07T18:32:34.428342894+09:00","command":"list","user_id":"659817405228384276","username":"._.dice._.","channel_id":"1424679038441488444","success":true}
{"timestamp":"2025-10-07T18:33:41.542481551+09:00","command":"list","user_id":"659817405228384276","username":"._.dice._.","channel_id":"1424679038441488444","success":true}
{"timestamp":"2025-10-07T18:33:57.198427901+09:00","command":"list","user_id":"659817405228384276","username":"._.dice._.","channel_id":"1424679038441488444","success":true}
{"timestamp":"2025-10-07T18:34:40.436543369+09:00","command":"list","user_id":"659817405228384276","username":"._.dice._.","channel_id":"1424679038441488444","success":true}
{"timestamp":"2025-10-07T18:34:53.736557385+09:00","command":"list","user_id":"659817405228384276","username":"._.dice._.","channel_id":"1424679038441488444","success":true}
{"timestamp":"2025-10-07T18:35:40.11422674+09:00","command":"list","user_id":"659817405228384276","username":"._.dice._.","channel_id":"1424679038441488444","success":true}
{"timestamp":"2025-10-07T18:36:31.674237685+09:00","command":"list","user_id":"659817405228384276","username":"._.dice._.","channel_id":"1424679038441488444","success":true}
{"timestamp":"2025-10-07T18:37:13.006324594+09:00","command":"list","user_id":"659817405228384276","username":"._.dice._.","channel_id":"1424679038441488444","success":true}
{"timestamp":"2025-10-07T18:37:39.449214292+09:00","command":"list","user_id":"659817405228384276","username":"._.dice._.","channel_id":"1424679038441488444","success":true}
{"timestamp":"2025-10-07T18:38:03.720244869+09:00","command":"list","user_id":"659817405228384276","username":"._.dice._.","channel_id":"1424679038441488444","success":true}
{"timestamp":"2025-10-07T18:39:12.968047352+09:00","command":"list","user_id":"659817405228384276","username":"._.dice._.","channel_id":"1424679038441488444","success":true}
